# JRE version: OpenJDK Runtime Environment (18.0.2.1+1) (build 18.0.2.1+1-1)
# Java VM: OpenJDK 64-Bit Server VM (18.0.2.1+1-1, mixed mode, sharing, tiered, compressed oops, compressed class ptrs, g1 gc, windows-amd64)
GC Precious Log:
 CardTable entry size: 512
 Card Set container configuration: InlinePtr #cards 4 size 8 Array Of Cards #cards 16 size 48 Howl #buckets 8 coarsen threshold 3686 Howl Bitmap #cards 512 size 80 coarsen threshold 460 Card regions per heap region 1 cards per card region 4096
 CPUs: 2 total, 2 available
 Memory: 16197M
 Large Page Support: Disabled
 NUMA Support: Disabled
 Compressed Oops: Enabled (Zero based)
 Heap Region Size: 2M
 Heap Min Capacity: 8M
 Heap Initial Capacity: 254M
 Heap Max Capacity: 4050M
 Pre-touch: Disabled
 Parallel Workers: 2
 Concurrent Workers: 1
 Concurrent Refinement Workers: 2
 Periodic GC: Disabled
Heap:
 garbage-first heap   total 55296K, used 22278K [0x0000000702e00000, 0x0000000800000000)
  region size 2048K, 7 young (14336K), 2 survivors (4096K)
 Metaspace       used 23044K, committed 23488K, reserved 1114112K
  class space    used 3034K, committed 3264K, reserved 1048576K
GC Heap History (10 events):
Event: 1.317 GC heap before
{Heap before GC invocations=0 (full 0):
 garbage-first heap   total 260096K, used 10240K [0x0000000702e00000, 0x0000000800000000)
  region size 2048K, 6 young (12288K), 0 survivors (0K)
 Metaspace       used 2463K, committed 2624K, reserved 1114112K
  class space    used 256K, committed 320K, reserved 1048576K
}
Event: 1.335 GC heap after
{Heap after GC invocations=1 (full 0):
 garbage-first heap   total 260096K, used 1952K [0x0000000702e00000, 0x0000000800000000)
  region size 2048K, 1 young (2048K), 1 survivors (2048K)
 Metaspace       used 2463K, committed 2624K, reserved 1114112K
  class space    used 256K, committed 320K, reserved 1048576K
}
Event: 5.246 GC heap before
{Heap before GC invocations=1 (full 0):
 garbage-first heap   total 260096K, used 10144K [0x0000000702e00000, 0x0000000800000000)
  region size 2048K, 6 young (12288K), 1 survivors (2048K)
 Metaspace       used 6255K, committed 6464K, reserved 1114112K
  class space    used 744K, committed 832K, reserved 1048576K
}
Event: 5.253 GC heap after
{Heap after GC invocations=2 (full 0):
 garbage-first heap   total 260096K, used 3655K [0x0000000702e00000, 0x0000000800000000)
  region size 2048K, 1 young (2048K), 1 survivors (2048K)
 Metaspace       used 6255K, committed 6464K, reserved 1114112K
  class space    used 744K, committed 832K, reserved 1048576K
}
Event: 13.129 GC heap before
{Heap before GC invocations=2 (full 0):
 garbage-first heap   total 260096K, used 20039K [0x0000000702e00000, 0x0000000800000000)
  region size 2048K, 9 young (18432K), 1 survivors (2048K)
 Metaspace       used 10815K, committed 11136K, reserved 1114112K
  class space    used 1463K, committed 1600K, reserved 1048576K
}
Event: 13.139 GC heap after
{Heap after GC invocations=3 (full 0):
 garbage-first heap   total 260096K, used 6112K [0x0000000702e00000, 0x0000000800000000)
  region size 2048K, 2 young (4096K), 2 survivors (4096K)
 Metaspace       used 10815K, committed 11136K, reserved 1114112K
  class space    used 1463K, committed 1600K, reserved 1048576K
}
Event: 40.499 GC heap before
{Heap before GC invocations=3 (full 0):
 garbage-first heap   total 260096K, used 32736K [0x0000000702e00000, 0x0000000800000000)
  region size 2048K, 13 young (26624K), 2 survivors (4096K)
 Metaspace       used 16996K, committed 17344K, reserved 1114112K
  class space    used 2391K, committed 2560K, reserved 1048576K
}
Event: 40.514 GC heap after
{Heap after GC invocations=4 (full 0):
 garbage-first heap   total 260096K, used 13087K [0x0000000702e00000, 0x0000000800000000)
  region size 2048K, 2 young (4096K), 2 survivors (4096K)
 Metaspace       used 16996K, committed 17344K, reserved 1114112K
  class space    used 2391K, committed 2560K, reserved 1048576K
}
Event: 172.767 GC heap before
{Heap before GC invocations=4 (full 0):
 garbage-first heap   total 260096K, used 19231K [0x0000000702e00000, 0x0000000800000000)
  region size 2048K, 6 young (12288K), 2 survivors (4096K)
 Metaspace       used 21176K, committed 21504K, reserved 1114112K
  class space    used 2863K, committed 3072K, reserved 1048576K
}
Event: 172.776 GC heap after
{Heap after GC invocations=5 (full 0):
 garbage-first heap   total 260096K, used 14086K [0x0000000702e00000, 0x0000000800000000)
  region size 2048K, 2 young (4096K), 2 survivors (4096K)
 Metaspace       used 21176K, committed 21504K, reserved 1114112K
  class space    used 2863K, committed 3072K, reserved 1048576K
}

